Duplicate function '$split' determinator. Class: Document. Filename: ace_new/ace/lib/ace/document.js:115. First implementation: ace_new/ace/lib/ace/document.js:111
Duplicate function '$syncInformUndoManager' determinator. Class: EditSession. Filename: ace_new/ace/lib/ace/edit_session.js:400. First implementation: ace_new/ace/lib/ace/edit_session.js:394
Duplicate function '$getStringScreenWidth' determinator. Class: EditSession. Filename: ace_new/ace/lib/ace/edit_session.js:2376. First implementation: ace_new/ace/lib/ace/edit_session.js:1978
Duplicate function 'setAutoScrollEditorIntoView' determinator. Class: Editor. Filename: ace_new/ace/lib/ace/editor.js:2816. First implementation: ace_new/ace/lib/ace/editor.js:2772
Duplicate function 'modes' determinator. Class: TreeBuilder. Filename: ace_new/ace/lib/ace/mode/html/saxparser.js:2528. First implementation: ace_new/ace/lib/ace/mode/html/saxparser.js:2522
Duplicate function 'modes' determinator. Class: TreeBuilder. Filename: ace_new/ace/lib/ace/mode/html/saxparser.js:2532. First implementation: ace_new/ace/lib/ace/mode/html/saxparser.js:2522
Duplicate function 'modes' determinator. Class: TreeBuilder. Filename: ace_new/ace/lib/ace/mode/html/saxparser.js:2646. First implementation: ace_new/ace/lib/ace/mode/html/saxparser.js:2522
Duplicate function 'modes' determinator. Class: TreeBuilder. Filename: ace_new/ace/lib/ace/mode/html/saxparser.js:2655. First implementation: ace_new/ace/lib/ace/mode/html/saxparser.js:2522
Duplicate function 'modes' determinator. Class: TreeBuilder. Filename: ace_new/ace/lib/ace/mode/html/saxparser.js:2661. First implementation: ace_new/ace/lib/ace/mode/html/saxparser.js:2522
Duplicate function 'modes' determinator. Class: TreeBuilder. Filename: ace_new/ace/lib/ace/mode/html/saxparser.js:2667. First implementation: ace_new/ace/lib/ace/mode/html/saxparser.js:2522
Duplicate function 'modes' determinator. Class: TreeBuilder. Filename: ace_new/ace/lib/ace/mode/html/saxparser.js:2679. First implementation: ace_new/ace/lib/ace/mode/html/saxparser.js:2522
Duplicate function 'modes' determinator. Class: TreeBuilder. Filename: ace_new/ace/lib/ace/mode/html/saxparser.js:2684. First implementation: ace_new/ace/lib/ace/mode/html/saxparser.js:2522
Duplicate function 'modes' determinator. Class: TreeBuilder. Filename: ace_new/ace/lib/ace/mode/html/saxparser.js:2688. First implementation: ace_new/ace/lib/ace/mode/html/saxparser.js:2522
Duplicate function 'modes' determinator. Class: TreeBuilder. Filename: ace_new/ace/lib/ace/mode/html/saxparser.js:2696. First implementation: ace_new/ace/lib/ace/mode/html/saxparser.js:2522
Duplicate function 'modes' determinator. Class: TreeBuilder. Filename: ace_new/ace/lib/ace/mode/html/saxparser.js:2701. First implementation: ace_new/ace/lib/ace/mode/html/saxparser.js:2522
Duplicate function 'modes' determinator. Class: TreeBuilder. Filename: ace_new/ace/lib/ace/mode/html/saxparser.js:2706. First implementation: ace_new/ace/lib/ace/mode/html/saxparser.js:2522
Duplicate function 'modes' determinator. Class: TreeBuilder. Filename: ace_new/ace/lib/ace/mode/html/saxparser.js:2711. First implementation: ace_new/ace/lib/ace/mode/html/saxparser.js:2522
Duplicate function 'modes' determinator. Class: TreeBuilder. Filename: ace_new/ace/lib/ace/mode/html/saxparser.js:2723. First implementation: ace_new/ace/lib/ace/mode/html/saxparser.js:2522
Duplicate function 'modes' determinator. Class: TreeBuilder. Filename: ace_new/ace/lib/ace/mode/html/saxparser.js:2727. First implementation: ace_new/ace/lib/ace/mode/html/saxparser.js:2522
Duplicate function 'modes' determinator. Class: TreeBuilder. Filename: ace_new/ace/lib/ace/mode/html/saxparser.js:2731. First implementation: ace_new/ace/lib/ace/mode/html/saxparser.js:2522
Duplicate function 'modes' determinator. Class: TreeBuilder. Filename: ace_new/ace/lib/ace/mode/html/saxparser.js:2735. First implementation: ace_new/ace/lib/ace/mode/html/saxparser.js:2522
Duplicate function 'modes' determinator. Class: TreeBuilder. Filename: ace_new/ace/lib/ace/mode/html/saxparser.js:2741. First implementation: ace_new/ace/lib/ace/mode/html/saxparser.js:2522
Duplicate function 'modes' determinator. Class: TreeBuilder. Filename: ace_new/ace/lib/ace/mode/html/saxparser.js:2747. First implementation: ace_new/ace/lib/ace/mode/html/saxparser.js:2522
Duplicate function 'modes' determinator. Class: TreeBuilder. Filename: ace_new/ace/lib/ace/mode/html/saxparser.js:2763. First implementation: ace_new/ace/lib/ace/mode/html/saxparser.js:2522
Duplicate function 'modes' determinator. Class: TreeBuilder. Filename: ace_new/ace/lib/ace/mode/html/saxparser.js:2769. First implementation: ace_new/ace/lib/ace/mode/html/saxparser.js:2522
Duplicate function 'modes' determinator. Class: TreeBuilder. Filename: ace_new/ace/lib/ace/mode/html/saxparser.js:2778. First implementation: ace_new/ace/lib/ace/mode/html/saxparser.js:2522
Duplicate function 'modes' determinator. Class: TreeBuilder. Filename: ace_new/ace/lib/ace/mode/html/saxparser.js:2784. First implementation: ace_new/ace/lib/ace/mode/html/saxparser.js:2522
Duplicate function 'modes' determinator. Class: TreeBuilder. Filename: ace_new/ace/lib/ace/mode/html/saxparser.js:2797. First implementation: ace_new/ace/lib/ace/mode/html/saxparser.js:2522
Duplicate function 'modes' determinator. Class: TreeBuilder. Filename: ace_new/ace/lib/ace/mode/html/saxparser.js:2816. First implementation: ace_new/ace/lib/ace/mode/html/saxparser.js:2522
Duplicate function 'modes' determinator. Class: TreeBuilder. Filename: ace_new/ace/lib/ace/mode/html/saxparser.js:2831. First implementation: ace_new/ace/lib/ace/mode/html/saxparser.js:2522
Duplicate function 'modes' determinator. Class: TreeBuilder. Filename: ace_new/ace/lib/ace/mode/html/saxparser.js:2835. First implementation: ace_new/ace/lib/ace/mode/html/saxparser.js:2522
Duplicate function 'modes' determinator. Class: TreeBuilder. Filename: ace_new/ace/lib/ace/mode/html/saxparser.js:2839. First implementation: ace_new/ace/lib/ace/mode/html/saxparser.js:2522
Duplicate function 'modes' determinator. Class: TreeBuilder. Filename: ace_new/ace/lib/ace/mode/html/saxparser.js:2843. First implementation: ace_new/ace/lib/ace/mode/html/saxparser.js:2522
Duplicate function 'modes' determinator. Class: TreeBuilder. Filename: ace_new/ace/lib/ace/mode/html/saxparser.js:2863. First implementation: ace_new/ace/lib/ace/mode/html/saxparser.js:2522
Duplicate function 'modes' determinator. Class: TreeBuilder. Filename: ace_new/ace/lib/ace/mode/html/saxparser.js:2868. First implementation: ace_new/ace/lib/ace/mode/html/saxparser.js:2522
Duplicate function 'modes' determinator. Class: TreeBuilder. Filename: ace_new/ace/lib/ace/mode/html/saxparser.js:2876. First implementation: ace_new/ace/lib/ace/mode/html/saxparser.js:2522
Duplicate function 'modes' determinator. Class: TreeBuilder. Filename: ace_new/ace/lib/ace/mode/html/saxparser.js:2881. First implementation: ace_new/ace/lib/ace/mode/html/saxparser.js:2522
Duplicate function 'modes' determinator. Class: TreeBuilder. Filename: ace_new/ace/lib/ace/mode/html/saxparser.js:2886. First implementation: ace_new/ace/lib/ace/mode/html/saxparser.js:2522
Duplicate function 'modes' determinator. Class: TreeBuilder. Filename: ace_new/ace/lib/ace/mode/html/saxparser.js:2891. First implementation: ace_new/ace/lib/ace/mode/html/saxparser.js:2522
Duplicate function 'modes' determinator. Class: TreeBuilder. Filename: ace_new/ace/lib/ace/mode/html/saxparser.js:2921. First implementation: ace_new/ace/lib/ace/mode/html/saxparser.js:2522
Duplicate function 'modes' determinator. Class: TreeBuilder. Filename: ace_new/ace/lib/ace/mode/html/saxparser.js:2933. First implementation: ace_new/ace/lib/ace/mode/html/saxparser.js:2522
Duplicate function 'modes' determinator. Class: TreeBuilder. Filename: ace_new/ace/lib/ace/mode/html/saxparser.js:2943. First implementation: ace_new/ace/lib/ace/mode/html/saxparser.js:2522
Duplicate function 'modes' determinator. Class: TreeBuilder. Filename: ace_new/ace/lib/ace/mode/html/saxparser.js:2947. First implementation: ace_new/ace/lib/ace/mode/html/saxparser.js:2522
Duplicate function 'modes' determinator. Class: TreeBuilder. Filename: ace_new/ace/lib/ace/mode/html/saxparser.js:2951. First implementation: ace_new/ace/lib/ace/mode/html/saxparser.js:2522
Duplicate function 'modes' determinator. Class: TreeBuilder. Filename: ace_new/ace/lib/ace/mode/html/saxparser.js:2955. First implementation: ace_new/ace/lib/ace/mode/html/saxparser.js:2522
Duplicate function 'modes' determinator. Class: TreeBuilder. Filename: ace_new/ace/lib/ace/mode/html/saxparser.js:2962. First implementation: ace_new/ace/lib/ace/mode/html/saxparser.js:2522
Duplicate function 'modes' determinator. Class: TreeBuilder. Filename: ace_new/ace/lib/ace/mode/html/saxparser.js:2967. First implementation: ace_new/ace/lib/ace/mode/html/saxparser.js:2522
Duplicate function 'modes' determinator. Class: TreeBuilder. Filename: ace_new/ace/lib/ace/mode/html/saxparser.js:2974. First implementation: ace_new/ace/lib/ace/mode/html/saxparser.js:2522
Duplicate function 'modes' determinator. Class: TreeBuilder. Filename: ace_new/ace/lib/ace/mode/html/saxparser.js:2978. First implementation: ace_new/ace/lib/ace/mode/html/saxparser.js:2522
Duplicate function 'modes' determinator. Class: TreeBuilder. Filename: ace_new/ace/lib/ace/mode/html/saxparser.js:2983. First implementation: ace_new/ace/lib/ace/mode/html/saxparser.js:2522
Duplicate function 'modes' determinator. Class: TreeBuilder. Filename: ace_new/ace/lib/ace/mode/html/saxparser.js:2988. First implementation: ace_new/ace/lib/ace/mode/html/saxparser.js:2522
Duplicate function 'modes' determinator. Class: TreeBuilder. Filename: ace_new/ace/lib/ace/mode/html/saxparser.js:2997. First implementation: ace_new/ace/lib/ace/mode/html/saxparser.js:2522
Duplicate function 'modes' determinator. Class: TreeBuilder. Filename: ace_new/ace/lib/ace/mode/html/saxparser.js:3002. First implementation: ace_new/ace/lib/ace/mode/html/saxparser.js:2522
Duplicate function 'modes' determinator. Class: TreeBuilder. Filename: ace_new/ace/lib/ace/mode/html/saxparser.js:3006. First implementation: ace_new/ace/lib/ace/mode/html/saxparser.js:2522
Duplicate function 'modes' determinator. Class: TreeBuilder. Filename: ace_new/ace/lib/ace/mode/html/saxparser.js:3034. First implementation: ace_new/ace/lib/ace/mode/html/saxparser.js:2522
Duplicate function 'modes' determinator. Class: TreeBuilder. Filename: ace_new/ace/lib/ace/mode/html/saxparser.js:3039. First implementation: ace_new/ace/lib/ace/mode/html/saxparser.js:2522
Duplicate function 'modes' determinator. Class: TreeBuilder. Filename: ace_new/ace/lib/ace/mode/html/saxparser.js:3049. First implementation: ace_new/ace/lib/ace/mode/html/saxparser.js:2522
Duplicate function 'modes' determinator. Class: TreeBuilder. Filename: ace_new/ace/lib/ace/mode/html/saxparser.js:3053. First implementation: ace_new/ace/lib/ace/mode/html/saxparser.js:2522
Duplicate function 'modes' determinator. Class: TreeBuilder. Filename: ace_new/ace/lib/ace/mode/html/saxparser.js:3059. First implementation: ace_new/ace/lib/ace/mode/html/saxparser.js:2522
Duplicate function 'modes' determinator. Class: TreeBuilder. Filename: ace_new/ace/lib/ace/mode/html/saxparser.js:3064. First implementation: ace_new/ace/lib/ace/mode/html/saxparser.js:2522
Duplicate function 'modes' determinator. Class: TreeBuilder. Filename: ace_new/ace/lib/ace/mode/html/saxparser.js:3072. First implementation: ace_new/ace/lib/ace/mode/html/saxparser.js:2522
Duplicate function 'modes' determinator. Class: TreeBuilder. Filename: ace_new/ace/lib/ace/mode/html/saxparser.js:3076. First implementation: ace_new/ace/lib/ace/mode/html/saxparser.js:2522
Duplicate function 'modes' determinator. Class: TreeBuilder. Filename: ace_new/ace/lib/ace/mode/html/saxparser.js:3081. First implementation: ace_new/ace/lib/ace/mode/html/saxparser.js:2522
Duplicate function 'modes' determinator. Class: TreeBuilder. Filename: ace_new/ace/lib/ace/mode/html/saxparser.js:3086. First implementation: ace_new/ace/lib/ace/mode/html/saxparser.js:2522
Duplicate function 'modes' determinator. Class: TreeBuilder. Filename: ace_new/ace/lib/ace/mode/html/saxparser.js:3090. First implementation: ace_new/ace/lib/ace/mode/html/saxparser.js:2522
Duplicate function 'modes' determinator. Class: TreeBuilder. Filename: ace_new/ace/lib/ace/mode/html/saxparser.js:3265. First implementation: ace_new/ace/lib/ace/mode/html/saxparser.js:2522
Duplicate function 'modes' determinator. Class: TreeBuilder. Filename: ace_new/ace/lib/ace/mode/html/saxparser.js:3284. First implementation: ace_new/ace/lib/ace/mode/html/saxparser.js:2522
Duplicate function 'modes' determinator. Class: TreeBuilder. Filename: ace_new/ace/lib/ace/mode/html/saxparser.js:3289. First implementation: ace_new/ace/lib/ace/mode/html/saxparser.js:2522
Duplicate function 'modes' determinator. Class: TreeBuilder. Filename: ace_new/ace/lib/ace/mode/html/saxparser.js:3293. First implementation: ace_new/ace/lib/ace/mode/html/saxparser.js:2522
Duplicate function 'modes' determinator. Class: TreeBuilder. Filename: ace_new/ace/lib/ace/mode/html/saxparser.js:3304. First implementation: ace_new/ace/lib/ace/mode/html/saxparser.js:2522
Duplicate function 'modes' determinator. Class: TreeBuilder. Filename: ace_new/ace/lib/ace/mode/html/saxparser.js:3318. First implementation: ace_new/ace/lib/ace/mode/html/saxparser.js:2522
Duplicate function 'modes' determinator. Class: TreeBuilder. Filename: ace_new/ace/lib/ace/mode/html/saxparser.js:3324. First implementation: ace_new/ace/lib/ace/mode/html/saxparser.js:2522
Duplicate function 'modes' determinator. Class: TreeBuilder. Filename: ace_new/ace/lib/ace/mode/html/saxparser.js:3332. First implementation: ace_new/ace/lib/ace/mode/html/saxparser.js:2522
Duplicate function 'modes' determinator. Class: TreeBuilder. Filename: ace_new/ace/lib/ace/mode/html/saxparser.js:3343. First implementation: ace_new/ace/lib/ace/mode/html/saxparser.js:2522
Duplicate function 'modes' determinator. Class: TreeBuilder. Filename: ace_new/ace/lib/ace/mode/html/saxparser.js:3353. First implementation: ace_new/ace/lib/ace/mode/html/saxparser.js:2522
Duplicate function 'modes' determinator. Class: TreeBuilder. Filename: ace_new/ace/lib/ace/mode/html/saxparser.js:3378. First implementation: ace_new/ace/lib/ace/mode/html/saxparser.js:2522
Duplicate function 'modes' determinator. Class: TreeBuilder. Filename: ace_new/ace/lib/ace/mode/html/saxparser.js:3385. First implementation: ace_new/ace/lib/ace/mode/html/saxparser.js:2522
Duplicate function 'modes' determinator. Class: TreeBuilder. Filename: ace_new/ace/lib/ace/mode/html/saxparser.js:3395. First implementation: ace_new/ace/lib/ace/mode/html/saxparser.js:2522
Duplicate function 'modes' determinator. Class: TreeBuilder. Filename: ace_new/ace/lib/ace/mode/html/saxparser.js:3408. First implementation: ace_new/ace/lib/ace/mode/html/saxparser.js:2522
Duplicate function 'modes' determinator. Class: TreeBuilder. Filename: ace_new/ace/lib/ace/mode/html/saxparser.js:3413. First implementation: ace_new/ace/lib/ace/mode/html/saxparser.js:2522
Duplicate function 'modes' determinator. Class: TreeBuilder. Filename: ace_new/ace/lib/ace/mode/html/saxparser.js:3424. First implementation: ace_new/ace/lib/ace/mode/html/saxparser.js:2522
Duplicate function 'modes' determinator. Class: TreeBuilder. Filename: ace_new/ace/lib/ace/mode/html/saxparser.js:3436. First implementation: ace_new/ace/lib/ace/mode/html/saxparser.js:2522
Duplicate function 'modes' determinator. Class: TreeBuilder. Filename: ace_new/ace/lib/ace/mode/html/saxparser.js:3443. First implementation: ace_new/ace/lib/ace/mode/html/saxparser.js:2522
Duplicate function 'modes' determinator. Class: TreeBuilder. Filename: ace_new/ace/lib/ace/mode/html/saxparser.js:3456. First implementation: ace_new/ace/lib/ace/mode/html/saxparser.js:2522
Duplicate function 'modes' determinator. Class: TreeBuilder. Filename: ace_new/ace/lib/ace/mode/html/saxparser.js:3464. First implementation: ace_new/ace/lib/ace/mode/html/saxparser.js:2522
Duplicate function 'modes' determinator. Class: TreeBuilder. Filename: ace_new/ace/lib/ace/mode/html/saxparser.js:3473. First implementation: ace_new/ace/lib/ace/mode/html/saxparser.js:2522
Duplicate function 'modes' determinator. Class: TreeBuilder. Filename: ace_new/ace/lib/ace/mode/html/saxparser.js:3479. First implementation: ace_new/ace/lib/ace/mode/html/saxparser.js:2522
Duplicate function 'modes' determinator. Class: TreeBuilder. Filename: ace_new/ace/lib/ace/mode/html/saxparser.js:3483. First implementation: ace_new/ace/lib/ace/mode/html/saxparser.js:2522
Duplicate function 'modes' determinator. Class: TreeBuilder. Filename: ace_new/ace/lib/ace/mode/html/saxparser.js:3490. First implementation: ace_new/ace/lib/ace/mode/html/saxparser.js:2522
Duplicate function 'modes' determinator. Class: TreeBuilder. Filename: ace_new/ace/lib/ace/mode/html/saxparser.js:3496. First implementation: ace_new/ace/lib/ace/mode/html/saxparser.js:2522
Duplicate function 'modes' determinator. Class: TreeBuilder. Filename: ace_new/ace/lib/ace/mode/html/saxparser.js:3509. First implementation: ace_new/ace/lib/ace/mode/html/saxparser.js:2522
Duplicate function 'modes' determinator. Class: TreeBuilder. Filename: ace_new/ace/lib/ace/mode/html/saxparser.js:3544. First implementation: ace_new/ace/lib/ace/mode/html/saxparser.js:2522
Duplicate function 'modes' determinator. Class: TreeBuilder. Filename: ace_new/ace/lib/ace/mode/html/saxparser.js:3554. First implementation: ace_new/ace/lib/ace/mode/html/saxparser.js:2522
Duplicate function 'modes' determinator. Class: TreeBuilder. Filename: ace_new/ace/lib/ace/mode/html/saxparser.js:3559. First implementation: ace_new/ace/lib/ace/mode/html/saxparser.js:2522
Duplicate function 'modes' determinator. Class: TreeBuilder. Filename: ace_new/ace/lib/ace/mode/html/saxparser.js:3563. First implementation: ace_new/ace/lib/ace/mode/html/saxparser.js:2522
Duplicate function 'modes' determinator. Class: TreeBuilder. Filename: ace_new/ace/lib/ace/mode/html/saxparser.js:3580. First implementation: ace_new/ace/lib/ace/mode/html/saxparser.js:2522
Duplicate function 'modes' determinator. Class: TreeBuilder. Filename: ace_new/ace/lib/ace/mode/html/saxparser.js:3584. First implementation: ace_new/ace/lib/ace/mode/html/saxparser.js:2522
Duplicate function 'modes' determinator. Class: TreeBuilder. Filename: ace_new/ace/lib/ace/mode/html/saxparser.js:3589. First implementation: ace_new/ace/lib/ace/mode/html/saxparser.js:2522
Duplicate function 'modes' determinator. Class: TreeBuilder. Filename: ace_new/ace/lib/ace/mode/html/saxparser.js:3596. First implementation: ace_new/ace/lib/ace/mode/html/saxparser.js:2522
Duplicate function 'modes' determinator. Class: TreeBuilder. Filename: ace_new/ace/lib/ace/mode/html/saxparser.js:3603. First implementation: ace_new/ace/lib/ace/mode/html/saxparser.js:2522
Duplicate function 'modes' determinator. Class: TreeBuilder. Filename: ace_new/ace/lib/ace/mode/html/saxparser.js:3608. First implementation: ace_new/ace/lib/ace/mode/html/saxparser.js:2522
Duplicate function 'modes' determinator. Class: TreeBuilder. Filename: ace_new/ace/lib/ace/mode/html/saxparser.js:3627. First implementation: ace_new/ace/lib/ace/mode/html/saxparser.js:2522
Duplicate function 'modes' determinator. Class: TreeBuilder. Filename: ace_new/ace/lib/ace/mode/html/saxparser.js:3636. First implementation: ace_new/ace/lib/ace/mode/html/saxparser.js:2522
Duplicate function 'modes' determinator. Class: TreeBuilder. Filename: ace_new/ace/lib/ace/mode/html/saxparser.js:3645. First implementation: ace_new/ace/lib/ace/mode/html/saxparser.js:2522
Duplicate function 'modes' determinator. Class: TreeBuilder. Filename: ace_new/ace/lib/ace/mode/html/saxparser.js:3658. First implementation: ace_new/ace/lib/ace/mode/html/saxparser.js:2522
Duplicate function 'modes' determinator. Class: TreeBuilder. Filename: ace_new/ace/lib/ace/mode/html/saxparser.js:3675. First implementation: ace_new/ace/lib/ace/mode/html/saxparser.js:2522
Duplicate function 'modes' determinator. Class: TreeBuilder. Filename: ace_new/ace/lib/ace/mode/html/saxparser.js:3693. First implementation: ace_new/ace/lib/ace/mode/html/saxparser.js:2522
Duplicate function 'modes' determinator. Class: TreeBuilder. Filename: ace_new/ace/lib/ace/mode/html/saxparser.js:3705. First implementation: ace_new/ace/lib/ace/mode/html/saxparser.js:2522
Duplicate function 'modes' determinator. Class: TreeBuilder. Filename: ace_new/ace/lib/ace/mode/html/saxparser.js:3719. First implementation: ace_new/ace/lib/ace/mode/html/saxparser.js:2522
Duplicate function 'modes' determinator. Class: TreeBuilder. Filename: ace_new/ace/lib/ace/mode/html/saxparser.js:3730. First implementation: ace_new/ace/lib/ace/mode/html/saxparser.js:2522
Duplicate function 'modes' determinator. Class: TreeBuilder. Filename: ace_new/ace/lib/ace/mode/html/saxparser.js:3744. First implementation: ace_new/ace/lib/ace/mode/html/saxparser.js:2522
Duplicate function 'modes' determinator. Class: TreeBuilder. Filename: ace_new/ace/lib/ace/mode/html/saxparser.js:3779. First implementation: ace_new/ace/lib/ace/mode/html/saxparser.js:2522
Duplicate function 'modes' determinator. Class: TreeBuilder. Filename: ace_new/ace/lib/ace/mode/html/saxparser.js:3783. First implementation: ace_new/ace/lib/ace/mode/html/saxparser.js:2522
Duplicate function 'modes' determinator. Class: TreeBuilder. Filename: ace_new/ace/lib/ace/mode/html/saxparser.js:3790. First implementation: ace_new/ace/lib/ace/mode/html/saxparser.js:2522
Duplicate function 'modes' determinator. Class: TreeBuilder. Filename: ace_new/ace/lib/ace/mode/html/saxparser.js:3794. First implementation: ace_new/ace/lib/ace/mode/html/saxparser.js:2522
Duplicate function 'modes' determinator. Class: TreeBuilder. Filename: ace_new/ace/lib/ace/mode/html/saxparser.js:3815. First implementation: ace_new/ace/lib/ace/mode/html/saxparser.js:2522
Duplicate function 'modes' determinator. Class: TreeBuilder. Filename: ace_new/ace/lib/ace/mode/html/saxparser.js:3822. First implementation: ace_new/ace/lib/ace/mode/html/saxparser.js:2522
Duplicate function 'modes' determinator. Class: TreeBuilder. Filename: ace_new/ace/lib/ace/mode/html/saxparser.js:3826. First implementation: ace_new/ace/lib/ace/mode/html/saxparser.js:2522
Duplicate function 'modes' determinator. Class: TreeBuilder. Filename: ace_new/ace/lib/ace/mode/html/saxparser.js:3862. First implementation: ace_new/ace/lib/ace/mode/html/saxparser.js:2522
Duplicate function 'modes' determinator. Class: TreeBuilder. Filename: ace_new/ace/lib/ace/mode/html/saxparser.js:3866. First implementation: ace_new/ace/lib/ace/mode/html/saxparser.js:2522
Duplicate function 'modes' determinator. Class: TreeBuilder. Filename: ace_new/ace/lib/ace/mode/html/saxparser.js:3876. First implementation: ace_new/ace/lib/ace/mode/html/saxparser.js:2522
Duplicate function 'modes' determinator. Class: TreeBuilder. Filename: ace_new/ace/lib/ace/mode/html/saxparser.js:3880. First implementation: ace_new/ace/lib/ace/mode/html/saxparser.js:2522
Duplicate function 'modes' determinator. Class: TreeBuilder. Filename: ace_new/ace/lib/ace/mode/html/saxparser.js:3896. First implementation: ace_new/ace/lib/ace/mode/html/saxparser.js:2522
Duplicate function 'modes' determinator. Class: TreeBuilder. Filename: ace_new/ace/lib/ace/mode/html/saxparser.js:3900. First implementation: ace_new/ace/lib/ace/mode/html/saxparser.js:2522
Duplicate function 'modes' determinator. Class: TreeBuilder. Filename: ace_new/ace/lib/ace/mode/html/saxparser.js:3910. First implementation: ace_new/ace/lib/ace/mode/html/saxparser.js:2522
Duplicate function 'modes' determinator. Class: TreeBuilder. Filename: ace_new/ace/lib/ace/mode/html/saxparser.js:3914. First implementation: ace_new/ace/lib/ace/mode/html/saxparser.js:2522
Duplicate function 'modes' determinator. Class: TreeBuilder. Filename: ace_new/ace/lib/ace/mode/html/saxparser.js:3937. First implementation: ace_new/ace/lib/ace/mode/html/saxparser.js:2522
Duplicate function 'modes' determinator. Class: TreeBuilder. Filename: ace_new/ace/lib/ace/mode/html/saxparser.js:3941. First implementation: ace_new/ace/lib/ace/mode/html/saxparser.js:2522
Duplicate function 'modes' determinator. Class: TreeBuilder. Filename: ace_new/ace/lib/ace/mode/html/saxparser.js:3952. First implementation: ace_new/ace/lib/ace/mode/html/saxparser.js:2522
Duplicate function 'modes' determinator. Class: TreeBuilder. Filename: ace_new/ace/lib/ace/mode/html/saxparser.js:3956. First implementation: ace_new/ace/lib/ace/mode/html/saxparser.js:2522
Duplicate function 'modes' determinator. Class: TreeBuilder. Filename: ace_new/ace/lib/ace/mode/html/saxparser.js:3962. First implementation: ace_new/ace/lib/ace/mode/html/saxparser.js:2522
Duplicate function 'modes' determinator. Class: TreeBuilder. Filename: ace_new/ace/lib/ace/mode/html/saxparser.js:3973. First implementation: ace_new/ace/lib/ace/mode/html/saxparser.js:2522
Duplicate function 'modes' determinator. Class: TreeBuilder. Filename: ace_new/ace/lib/ace/mode/html/saxparser.js:3977. First implementation: ace_new/ace/lib/ace/mode/html/saxparser.js:2522
Duplicate function 'modes' determinator. Class: TreeBuilder. Filename: ace_new/ace/lib/ace/mode/html/saxparser.js:3985. First implementation: ace_new/ace/lib/ace/mode/html/saxparser.js:2522
Duplicate function 'modes' determinator. Class: TreeBuilder. Filename: ace_new/ace/lib/ace/mode/html/saxparser.js:4008. First implementation: ace_new/ace/lib/ace/mode/html/saxparser.js:2522
Duplicate function 'modes' determinator. Class: TreeBuilder. Filename: ace_new/ace/lib/ace/mode/html/saxparser.js:4032. First implementation: ace_new/ace/lib/ace/mode/html/saxparser.js:2522
Duplicate function 'modes' determinator. Class: TreeBuilder. Filename: ace_new/ace/lib/ace/mode/html/saxparser.js:4065. First implementation: ace_new/ace/lib/ace/mode/html/saxparser.js:2522
Duplicate function 'modes' determinator. Class: TreeBuilder. Filename: ace_new/ace/lib/ace/mode/html/saxparser.js:4077. First implementation: ace_new/ace/lib/ace/mode/html/saxparser.js:2522
Duplicate function 'modes' determinator. Class: TreeBuilder. Filename: ace_new/ace/lib/ace/mode/html/saxparser.js:4081. First implementation: ace_new/ace/lib/ace/mode/html/saxparser.js:2522
Duplicate function 'modes' determinator. Class: TreeBuilder. Filename: ace_new/ace/lib/ace/mode/html/saxparser.js:4085. First implementation: ace_new/ace/lib/ace/mode/html/saxparser.js:2522
Duplicate function 'modes' determinator. Class: TreeBuilder. Filename: ace_new/ace/lib/ace/mode/html/saxparser.js:4090. First implementation: ace_new/ace/lib/ace/mode/html/saxparser.js:2522
Duplicate function 'modes' determinator. Class: TreeBuilder. Filename: ace_new/ace/lib/ace/mode/html/saxparser.js:4097. First implementation: ace_new/ace/lib/ace/mode/html/saxparser.js:2522
Duplicate function 'modes' determinator. Class: TreeBuilder. Filename: ace_new/ace/lib/ace/mode/html/saxparser.js:4104. First implementation: ace_new/ace/lib/ace/mode/html/saxparser.js:2522
Duplicate function 'modes' determinator. Class: TreeBuilder. Filename: ace_new/ace/lib/ace/mode/html/saxparser.js:4109. First implementation: ace_new/ace/lib/ace/mode/html/saxparser.js:2522
Duplicate function 'modes' determinator. Class: TreeBuilder. Filename: ace_new/ace/lib/ace/mode/html/saxparser.js:4114. First implementation: ace_new/ace/lib/ace/mode/html/saxparser.js:2522
Duplicate function 'modes' determinator. Class: TreeBuilder. Filename: ace_new/ace/lib/ace/mode/html/saxparser.js:4136. First implementation: ace_new/ace/lib/ace/mode/html/saxparser.js:2522
Duplicate function 'modes' determinator. Class: TreeBuilder. Filename: ace_new/ace/lib/ace/mode/html/saxparser.js:4140. First implementation: ace_new/ace/lib/ace/mode/html/saxparser.js:2522
Duplicate function 'modes' determinator. Class: TreeBuilder. Filename: ace_new/ace/lib/ace/mode/html/saxparser.js:4144. First implementation: ace_new/ace/lib/ace/mode/html/saxparser.js:2522
Duplicate function 'modes' determinator. Class: TreeBuilder. Filename: ace_new/ace/lib/ace/mode/html/saxparser.js:4148. First implementation: ace_new/ace/lib/ace/mode/html/saxparser.js:2522
Duplicate function 'modes' determinator. Class: TreeBuilder. Filename: ace_new/ace/lib/ace/mode/html/saxparser.js:4152. First implementation: ace_new/ace/lib/ace/mode/html/saxparser.js:2522
Duplicate function 'modes' determinator. Class: TreeBuilder. Filename: ace_new/ace/lib/ace/mode/html/saxparser.js:4156. First implementation: ace_new/ace/lib/ace/mode/html/saxparser.js:2522
Duplicate function 'modes' determinator. Class: TreeBuilder. Filename: ace_new/ace/lib/ace/mode/html/saxparser.js:4170. First implementation: ace_new/ace/lib/ace/mode/html/saxparser.js:2522
Duplicate function 'modes' determinator. Class: TreeBuilder. Filename: ace_new/ace/lib/ace/mode/html/saxparser.js:4174. First implementation: ace_new/ace/lib/ace/mode/html/saxparser.js:2522
Duplicate function 'modes' determinator. Class: TreeBuilder. Filename: ace_new/ace/lib/ace/mode/html/saxparser.js:4215. First implementation: ace_new/ace/lib/ace/mode/html/saxparser.js:2522
Duplicate function 'modes' determinator. Class: TreeBuilder. Filename: ace_new/ace/lib/ace/mode/html/saxparser.js:4228. First implementation: ace_new/ace/lib/ace/mode/html/saxparser.js:2522
Duplicate function 'modes' determinator. Class: TreeBuilder. Filename: ace_new/ace/lib/ace/mode/html/saxparser.js:4235. First implementation: ace_new/ace/lib/ace/mode/html/saxparser.js:2522
Duplicate function 'modes' determinator. Class: TreeBuilder. Filename: ace_new/ace/lib/ace/mode/html/saxparser.js:4241. First implementation: ace_new/ace/lib/ace/mode/html/saxparser.js:2522
Duplicate function 'modes' determinator. Class: TreeBuilder. Filename: ace_new/ace/lib/ace/mode/html/saxparser.js:4246. First implementation: ace_new/ace/lib/ace/mode/html/saxparser.js:2522
Duplicate function 'modes' determinator. Class: TreeBuilder. Filename: ace_new/ace/lib/ace/mode/html/saxparser.js:4252. First implementation: ace_new/ace/lib/ace/mode/html/saxparser.js:2522
Duplicate function 'modes' determinator. Class: TreeBuilder. Filename: ace_new/ace/lib/ace/mode/html/saxparser.js:4257. First implementation: ace_new/ace/lib/ace/mode/html/saxparser.js:2522
Duplicate function 'modes' determinator. Class: TreeBuilder. Filename: ace_new/ace/lib/ace/mode/html/saxparser.js:4264. First implementation: ace_new/ace/lib/ace/mode/html/saxparser.js:2522
Duplicate function 'modes' determinator. Class: TreeBuilder. Filename: ace_new/ace/lib/ace/mode/html/saxparser.js:4268. First implementation: ace_new/ace/lib/ace/mode/html/saxparser.js:2522
Duplicate function 'modes' determinator. Class: TreeBuilder. Filename: ace_new/ace/lib/ace/mode/html/saxparser.js:4284. First implementation: ace_new/ace/lib/ace/mode/html/saxparser.js:2522
Duplicate function 'modes' determinator. Class: TreeBuilder. Filename: ace_new/ace/lib/ace/mode/html/saxparser.js:4293. First implementation: ace_new/ace/lib/ace/mode/html/saxparser.js:2522
Duplicate function 'modes' determinator. Class: TreeBuilder. Filename: ace_new/ace/lib/ace/mode/html/saxparser.js:4300. First implementation: ace_new/ace/lib/ace/mode/html/saxparser.js:2522
Duplicate function 'modes' determinator. Class: TreeBuilder. Filename: ace_new/ace/lib/ace/mode/html/saxparser.js:4315. First implementation: ace_new/ace/lib/ace/mode/html/saxparser.js:2522
Duplicate function 'modes' determinator. Class: TreeBuilder. Filename: ace_new/ace/lib/ace/mode/html/saxparser.js:4319. First implementation: ace_new/ace/lib/ace/mode/html/saxparser.js:2522
Duplicate function 'modes' determinator. Class: TreeBuilder. Filename: ace_new/ace/lib/ace/mode/html/saxparser.js:4330. First implementation: ace_new/ace/lib/ace/mode/html/saxparser.js:2522
Duplicate function 'modes' determinator. Class: TreeBuilder. Filename: ace_new/ace/lib/ace/mode/html/saxparser.js:4344. First implementation: ace_new/ace/lib/ace/mode/html/saxparser.js:2522
Duplicate function 'modes' determinator. Class: TreeBuilder. Filename: ace_new/ace/lib/ace/mode/html/saxparser.js:4350. First implementation: ace_new/ace/lib/ace/mode/html/saxparser.js:2522
Duplicate function 'modes' determinator. Class: TreeBuilder. Filename: ace_new/ace/lib/ace/mode/html/saxparser.js:4356. First implementation: ace_new/ace/lib/ace/mode/html/saxparser.js:2522
Duplicate function 'modes' determinator. Class: TreeBuilder. Filename: ace_new/ace/lib/ace/mode/html/saxparser.js:4368. First implementation: ace_new/ace/lib/ace/mode/html/saxparser.js:2522
Duplicate function 'modes' determinator. Class: TreeBuilder. Filename: ace_new/ace/lib/ace/mode/html/saxparser.js:4374. First implementation: ace_new/ace/lib/ace/mode/html/saxparser.js:2522
Duplicate function 'modes' determinator. Class: TreeBuilder. Filename: ace_new/ace/lib/ace/mode/html/saxparser.js:4412. First implementation: ace_new/ace/lib/ace/mode/html/saxparser.js:2522
Duplicate function 'modes' determinator. Class: TreeBuilder. Filename: ace_new/ace/lib/ace/mode/html/saxparser.js:4416. First implementation: ace_new/ace/lib/ace/mode/html/saxparser.js:2522
Duplicate function 'modes' determinator. Class: TreeBuilder. Filename: ace_new/ace/lib/ace/mode/html/saxparser.js:4422. First implementation: ace_new/ace/lib/ace/mode/html/saxparser.js:2522
Duplicate function 'modes' determinator. Class: TreeBuilder. Filename: ace_new/ace/lib/ace/mode/html/saxparser.js:4428. First implementation: ace_new/ace/lib/ace/mode/html/saxparser.js:2522
Duplicate function 'modes' determinator. Class: TreeBuilder. Filename: ace_new/ace/lib/ace/mode/html/saxparser.js:4440. First implementation: ace_new/ace/lib/ace/mode/html/saxparser.js:2522
Duplicate function 'modes' determinator. Class: TreeBuilder. Filename: ace_new/ace/lib/ace/mode/html/saxparser.js:4444. First implementation: ace_new/ace/lib/ace/mode/html/saxparser.js:2522
Duplicate function 'modes' determinator. Class: TreeBuilder. Filename: ace_new/ace/lib/ace/mode/html/saxparser.js:4454. First implementation: ace_new/ace/lib/ace/mode/html/saxparser.js:2522
Duplicate function 'modes' determinator. Class: TreeBuilder. Filename: ace_new/ace/lib/ace/mode/html/saxparser.js:4465. First implementation: ace_new/ace/lib/ace/mode/html/saxparser.js:2522
Duplicate function 'modes' determinator. Class: TreeBuilder. Filename: ace_new/ace/lib/ace/mode/html/saxparser.js:4469. First implementation: ace_new/ace/lib/ace/mode/html/saxparser.js:2522
Duplicate function 'modes' determinator. Class: TreeBuilder. Filename: ace_new/ace/lib/ace/mode/html/saxparser.js:4502. First implementation: ace_new/ace/lib/ace/mode/html/saxparser.js:2522
Duplicate function 'modes' determinator. Class: TreeBuilder. Filename: ace_new/ace/lib/ace/mode/html/saxparser.js:4514. First implementation: ace_new/ace/lib/ace/mode/html/saxparser.js:2522
Duplicate function 'modes' determinator. Class: TreeBuilder. Filename: ace_new/ace/lib/ace/mode/html/saxparser.js:4521. First implementation: ace_new/ace/lib/ace/mode/html/saxparser.js:2522
Duplicate function 'modes' determinator. Class: TreeBuilder. Filename: ace_new/ace/lib/ace/mode/html/saxparser.js:4529. First implementation: ace_new/ace/lib/ace/mode/html/saxparser.js:2522
Duplicate function 'modes' determinator. Class: TreeBuilder. Filename: ace_new/ace/lib/ace/mode/html/saxparser.js:4537. First implementation: ace_new/ace/lib/ace/mode/html/saxparser.js:2522
Duplicate function 'modes' determinator. Class: TreeBuilder. Filename: ace_new/ace/lib/ace/mode/html/saxparser.js:4552. First implementation: ace_new/ace/lib/ace/mode/html/saxparser.js:2522
Duplicate function 'modes' determinator. Class: TreeBuilder. Filename: ace_new/ace/lib/ace/mode/html/saxparser.js:4557. First implementation: ace_new/ace/lib/ace/mode/html/saxparser.js:2522
Duplicate function 'modes' determinator. Class: TreeBuilder. Filename: ace_new/ace/lib/ace/mode/html/saxparser.js:4567. First implementation: ace_new/ace/lib/ace/mode/html/saxparser.js:2522
Duplicate function 'modes' determinator. Class: TreeBuilder. Filename: ace_new/ace/lib/ace/mode/html/saxparser.js:4575. First implementation: ace_new/ace/lib/ace/mode/html/saxparser.js:2522
Duplicate function 'modes' determinator. Class: TreeBuilder. Filename: ace_new/ace/lib/ace/mode/html/saxparser.js:4579. First implementation: ace_new/ace/lib/ace/mode/html/saxparser.js:2522
Duplicate function 'modes' determinator. Class: TreeBuilder. Filename: ace_new/ace/lib/ace/mode/html/saxparser.js:4587. First implementation: ace_new/ace/lib/ace/mode/html/saxparser.js:2522
Duplicate function 'modes' determinator. Class: TreeBuilder. Filename: ace_new/ace/lib/ace/mode/html/saxparser.js:4591. First implementation: ace_new/ace/lib/ace/mode/html/saxparser.js:2522
Duplicate function 'modes' determinator. Class: TreeBuilder. Filename: ace_new/ace/lib/ace/mode/html/saxparser.js:4621. First implementation: ace_new/ace/lib/ace/mode/html/saxparser.js:2522
Duplicate function 'modes' determinator. Class: TreeBuilder. Filename: ace_new/ace/lib/ace/mode/html/saxparser.js:4625. First implementation: ace_new/ace/lib/ace/mode/html/saxparser.js:2522
Duplicate function 'modes' determinator. Class: TreeBuilder. Filename: ace_new/ace/lib/ace/mode/html/saxparser.js:4631. First implementation: ace_new/ace/lib/ace/mode/html/saxparser.js:2522
Duplicate function 'modes' determinator. Class: TreeBuilder. Filename: ace_new/ace/lib/ace/mode/html/saxparser.js:4635. First implementation: ace_new/ace/lib/ace/mode/html/saxparser.js:2522
Duplicate function 'modes' determinator. Class: TreeBuilder. Filename: ace_new/ace/lib/ace/mode/html/saxparser.js:4643. First implementation: ace_new/ace/lib/ace/mode/html/saxparser.js:2522
Duplicate function 'modes' determinator. Class: TreeBuilder. Filename: ace_new/ace/lib/ace/mode/html/saxparser.js:4679. First implementation: ace_new/ace/lib/ace/mode/html/saxparser.js:2522
Duplicate function 'modes' determinator. Class: TreeBuilder. Filename: ace_new/ace/lib/ace/mode/html/saxparser.js:4683. First implementation: ace_new/ace/lib/ace/mode/html/saxparser.js:2522
Duplicate function 'modes' determinator. Class: TreeBuilder. Filename: ace_new/ace/lib/ace/mode/html/saxparser.js:4690. First implementation: ace_new/ace/lib/ace/mode/html/saxparser.js:2522
Duplicate function 'modes' determinator. Class: TreeBuilder. Filename: ace_new/ace/lib/ace/mode/html/saxparser.js:4697. First implementation: ace_new/ace/lib/ace/mode/html/saxparser.js:2522
Duplicate function 'modes' determinator. Class: TreeBuilder. Filename: ace_new/ace/lib/ace/mode/html/saxparser.js:4701. First implementation: ace_new/ace/lib/ace/mode/html/saxparser.js:2522
Duplicate function 'modes' determinator. Class: TreeBuilder. Filename: ace_new/ace/lib/ace/mode/html/saxparser.js:4712. First implementation: ace_new/ace/lib/ace/mode/html/saxparser.js:2522
Duplicate function 'modes' determinator. Class: TreeBuilder. Filename: ace_new/ace/lib/ace/mode/html/saxparser.js:4720. First implementation: ace_new/ace/lib/ace/mode/html/saxparser.js:2522
Duplicate function 'modes' determinator. Class: TreeBuilder. Filename: ace_new/ace/lib/ace/mode/html/saxparser.js:4730. First implementation: ace_new/ace/lib/ace/mode/html/saxparser.js:2522
Duplicate function 'modes' determinator. Class: TreeBuilder. Filename: ace_new/ace/lib/ace/mode/html/saxparser.js:4734. First implementation: ace_new/ace/lib/ace/mode/html/saxparser.js:2522
Duplicate function 'modes' determinator. Class: TreeBuilder. Filename: ace_new/ace/lib/ace/mode/html/saxparser.js:4738. First implementation: ace_new/ace/lib/ace/mode/html/saxparser.js:2522
Duplicate function 'modes' determinator. Class: TreeBuilder. Filename: ace_new/ace/lib/ace/mode/html/saxparser.js:4750. First implementation: ace_new/ace/lib/ace/mode/html/saxparser.js:2522
Duplicate function 'modes' determinator. Class: TreeBuilder. Filename: ace_new/ace/lib/ace/mode/html/saxparser.js:4752. First implementation: ace_new/ace/lib/ace/mode/html/saxparser.js:2522
Duplicate function 'modes' determinator. Class: TreeBuilder. Filename: ace_new/ace/lib/ace/mode/html/saxparser.js:4756. First implementation: ace_new/ace/lib/ace/mode/html/saxparser.js:2522
Duplicate function 'modes' determinator. Class: TreeBuilder. Filename: ace_new/ace/lib/ace/mode/html/saxparser.js:4772. First implementation: ace_new/ace/lib/ace/mode/html/saxparser.js:2522
Duplicate function 'modes' determinator. Class: TreeBuilder. Filename: ace_new/ace/lib/ace/mode/html/saxparser.js:4776. First implementation: ace_new/ace/lib/ace/mode/html/saxparser.js:2522
Duplicate function 'modes' determinator. Class: TreeBuilder. Filename: ace_new/ace/lib/ace/mode/html/saxparser.js:4780. First implementation: ace_new/ace/lib/ace/mode/html/saxparser.js:2522
Duplicate function 'modes' determinator. Class: TreeBuilder. Filename: ace_new/ace/lib/ace/mode/html/saxparser.js:4795. First implementation: ace_new/ace/lib/ace/mode/html/saxparser.js:2522
Duplicate function 'modes' determinator. Class: TreeBuilder. Filename: ace_new/ace/lib/ace/mode/html/saxparser.js:4806. First implementation: ace_new/ace/lib/ace/mode/html/saxparser.js:2522
Duplicate function 'modes' determinator. Class: TreeBuilder. Filename: ace_new/ace/lib/ace/mode/html/saxparser.js:4814. First implementation: ace_new/ace/lib/ace/mode/html/saxparser.js:2522
Duplicate function 'modes' determinator. Class: TreeBuilder. Filename: ace_new/ace/lib/ace/mode/html/saxparser.js:4818. First implementation: ace_new/ace/lib/ace/mode/html/saxparser.js:2522
Duplicate function 'modes' determinator. Class: TreeBuilder. Filename: ace_new/ace/lib/ace/mode/html/saxparser.js:4824. First implementation: ace_new/ace/lib/ace/mode/html/saxparser.js:2522
Duplicate function 'next' determinator. Class: Generator. Filename: ace_new/ace/lib/ace/test/asyncjs/async.js:32. First implementation: ace_new/ace/lib/ace/test/asyncjs/async.js:21
Duplicate function 'next' determinator. Class: Generator. Filename: ace_new/ace/lib/ace/test/asyncjs/async.js:56. First implementation: ace_new/ace/lib/ace/test/asyncjs/async.js:21
Duplicate function 'next' determinator. Class: Generator. Filename: ace_new/ace/lib/ace/test/asyncjs/async.js:81. First implementation: ace_new/ace/lib/ace/test/asyncjs/async.js:21
Duplicate function 'next' determinator. Class: Generator. Filename: ace_new/ace/lib/ace/test/asyncjs/async.js:105. First implementation: ace_new/ace/lib/ace/test/asyncjs/async.js:21
Duplicate function 'next' determinator. Class: Generator. Filename: ace_new/ace/lib/ace/test/asyncjs/async.js:145. First implementation: ace_new/ace/lib/ace/test/asyncjs/async.js:21
Duplicate function 'next' determinator. Class: Generator. Filename: ace_new/ace/lib/ace/test/asyncjs/async.js:164. First implementation: ace_new/ace/lib/ace/test/asyncjs/async.js:21
Duplicate function 'next' determinator. Class: Generator. Filename: ace_new/ace/lib/ace/test/asyncjs/async.js:197. First implementation: ace_new/ace/lib/ace/test/asyncjs/async.js:21
Duplicate function 'next' determinator. Class: Generator. Filename: ace_new/ace/lib/ace/test/asyncjs/async.js:316. First implementation: ace_new/ace/lib/ace/test/asyncjs/async.js:21
Duplicate function 'next' determinator. Class: Generator. Filename: ace_new/ace/lib/ace/test/asyncjs/async.js:343. First implementation: ace_new/ace/lib/ace/test/asyncjs/async.js:21
Duplicate function 'reportError' determinator. Class: WorkerClient. Filename: ace_new/ace/lib/ace/worker/v2/worker_client.js:154. First implementation: ace_new/ace/lib/ace/worker/v2/worker_client.js:141
Duplicate function 'send' determinator. Class: WorkerClient. Filename: ace_new/ace/lib/ace/worker/v2/worker_client.js:159. First implementation: ace_new/ace/lib/ace/worker/v2/worker_client.js:154
